{"C:\\Users\\yaco2\\OneDrive\\Escritorio\\Projects\\Udemy\\PERN\\Server\\src\\router.ts": {"path":"C:\\Users\\yaco2\\OneDrive\\Escritorio\\Projects\\Udemy\\PERN\\Server\\src\\router.ts","statementMap":{"0":{"start":{"line":1,"column":0},"end":{"line":1,"column":33}},"1":{"start":{"line":2,"column":0},"end":{"line":2,"column":111}},"2":{"start":{"line":3,"column":0},"end":{"line":3,"column":48}},"3":{"start":{"line":4,"column":0},"end":{"line":4,"column":48}},"4":{"start":{"line":6,"column":15},"end":{"line":6,"column":23}},"5":{"start":{"line":9,"column":0},"end":{"line":9,"column":null}},"6":{"start":{"line":10,"column":0},"end":{"line":14,"column":null}},"7":{"start":{"line":16,"column":0},"end":{"line":27,"column":null}},"8":{"start":{"line":24,"column":21},"end":{"line":24,"column":30}},"9":{"start":{"line":29,"column":0},"end":{"line":40,"column":null}},"10":{"start":{"line":36,"column":21},"end":{"line":36,"column":30}},"11":{"start":{"line":42,"column":0},"end":{"line":45,"column":null}},"12":{"start":{"line":47,"column":0},"end":{"line":47,"column":null}}},"fnMap":{"0":{"name":"(anonymous_0)","decl":{"start":{"line":24,"column":12},"end":{"line":24,"column":17}},"loc":{"start":{"line":24,"column":21},"end":{"line":24,"column":30}}},"1":{"name":"(anonymous_1)","decl":{"start":{"line":36,"column":12},"end":{"line":36,"column":17}},"loc":{"start":{"line":36,"column":21},"end":{"line":36,"column":30}}}},"branchMap":{},"s":{"0":2,"1":2,"2":2,"3":2,"4":2,"5":2,"6":2,"7":2,"8":2,"9":2,"10":1,"11":2,"12":2},"f":{"0":2,"1":1},"b":{}}
,"C:\\Users\\yaco2\\OneDrive\\Escritorio\\Projects\\Udemy\\PERN\\Server\\src\\server.ts": {"path":"C:\\Users\\yaco2\\OneDrive\\Escritorio\\Projects\\Udemy\\PERN\\Server\\src\\server.ts","statementMap":{"0":{"start":{"line":1,"column":0},"end":{"line":1,"column":30}},"1":{"start":{"line":2,"column":0},"end":{"line":2,"column":30}},"2":{"start":{"line":3,"column":0},"end":{"line":3,"column":29}},"3":{"start":{"line":4,"column":0},"end":{"line":4,"column":28}},"4":{"start":{"line":8,"column":2},"end":{"line":15,"column":3}},"5":{"start":{"line":9,"column":4},"end":{"line":9,"column":28}},"6":{"start":{"line":10,"column":4},"end":{"line":10,"column":14}},"7":{"start":{"line":11,"column":4},"end":{"line":11,"column":63}},"8":{"start":{"line":13,"column":4},"end":{"line":13,"column":23}},"9":{"start":{"line":14,"column":4},"end":{"line":14,"column":62}},"10":{"start":{"line":18,"column":0},"end":{"line":18,"column":12}},"11":{"start":{"line":20,"column":15},"end":{"line":20,"column":24}},"12":{"start":{"line":23,"column":0},"end":{"line":23,"column":null}},"13":{"start":{"line":25,"column":0},"end":{"line":25,"column":36}},"14":{"start":{"line":27,"column":0},"end":{"line":29,"column":null}},"15":{"start":{"line":28,"column":2},"end":{"line":28,"column":null}},"16":{"start":{"line":31,"column":0},"end":{"line":31,"column":22}}},"fnMap":{"0":{"name":"connectDB","decl":{"start":{"line":7,"column":15},"end":{"line":7,"column":24}},"loc":{"start":{"line":7,"column":24},"end":{"line":16,"column":1}}},"1":{"name":"(anonymous_2)","decl":{"start":{"line":27,"column":19},"end":{"line":27,"column":20}},"loc":{"start":{"line":27,"column":32},"end":{"line":29,"column":1}}}},"branchMap":{},"s":{"0":2,"1":2,"2":2,"3":2,"4":2,"5":2,"6":1,"7":1,"8":0,"9":0,"10":2,"11":2,"12":2,"13":2,"14":2,"15":1,"16":2},"f":{"0":2,"1":1},"b":{}}
,"C:\\Users\\yaco2\\OneDrive\\Escritorio\\Projects\\Udemy\\PERN\\Server\\src\\config\\db.ts": {"path":"C:\\Users\\yaco2\\OneDrive\\Escritorio\\Projects\\Udemy\\PERN\\Server\\src\\config\\db.ts","statementMap":{"0":{"start":{"line":1,"column":0},"end":{"line":1,"column":49}},"1":{"start":{"line":2,"column":0},"end":{"line":2,"column":28}},"2":{"start":{"line":4,"column":0},"end":{"line":4,"column":16}},"3":{"start":{"line":6,"column":11},"end":{"line":9,"column":2}},"4":{"start":{"line":11,"column":0},"end":{"line":11,"column":18}}},"fnMap":{},"branchMap":{},"s":{"0":2,"1":2,"2":2,"3":2,"4":2},"f":{},"b":{}}
,"C:\\Users\\yaco2\\OneDrive\\Escritorio\\Projects\\Udemy\\PERN\\Server\\src\\handlers\\product.ts": {"path":"C:\\Users\\yaco2\\OneDrive\\Escritorio\\Projects\\Udemy\\PERN\\Server\\src\\handlers\\product.ts","statementMap":{"0":{"start":{"line":2,"column":0},"end":{"line":2,"column":40}},"1":{"start":{"line":4,"column":27},"end":{"line":13,"column":1}},"2":{"start":{"line":5,"column":2},"end":{"line":12,"column":3}},"3":{"start":{"line":6,"column":21},"end":{"line":8,"column":6}},"4":{"start":{"line":9,"column":4},"end":{"line":9,"column":33}},"5":{"start":{"line":11,"column":4},"end":{"line":11,"column":23}},"6":{"start":{"line":4,"column":13},"end":{"line":4,"column":27}},"7":{"start":{"line":15,"column":30},"end":{"line":34,"column":1}},"8":{"start":{"line":19,"column":2},"end":{"line":33,"column":3}},"9":{"start":{"line":20,"column":19},"end":{"line":20,"column":29}},"10":{"start":{"line":21,"column":20},"end":{"line":21,"column":46}},"11":{"start":{"line":23,"column":4},"end":{"line":28,"column":5}},"12":{"start":{"line":24,"column":6},"end":{"line":26,"column":9}},"13":{"start":{"line":27,"column":6},"end":{"line":27,"column":13}},"14":{"start":{"line":30,"column":4},"end":{"line":30,"column":32}},"15":{"start":{"line":32,"column":4},"end":{"line":32,"column":23}},"16":{"start":{"line":15,"column":13},"end":{"line":15,"column":30}},"17":{"start":{"line":36,"column":29},"end":{"line":43,"column":1}},"18":{"start":{"line":37,"column":2},"end":{"line":42,"column":3}},"19":{"start":{"line":38,"column":20},"end":{"line":38,"column":50}},"20":{"start":{"line":39,"column":4},"end":{"line":39,"column":44}},"21":{"start":{"line":41,"column":4},"end":{"line":41,"column":23}},"22":{"start":{"line":36,"column":13},"end":{"line":36,"column":29}},"23":{"start":{"line":45,"column":30},"end":{"line":63,"column":1}},"24":{"start":{"line":46,"column":2},"end":{"line":62,"column":20}},"25":{"start":{"line":47,"column":19},"end":{"line":47,"column":29}},"26":{"start":{"line":48,"column":20},"end":{"line":48,"column":46}},"27":{"start":{"line":50,"column":4},"end":{"line":55,"column":5}},"28":{"start":{"line":51,"column":6},"end":{"line":53,"column":9}},"29":{"start":{"line":54,"column":6},"end":{"line":54,"column":13}},"30":{"start":{"line":58,"column":4},"end":{"line":58,"column":35}},"31":{"start":{"line":59,"column":4},"end":{"line":59,"column":25}},"32":{"start":{"line":61,"column":4},"end":{"line":61,"column":32}},"33":{"start":{"line":45,"column":13},"end":{"line":45,"column":30}},"34":{"start":{"line":65,"column":29},"end":{"line":80,"column":1}},"35":{"start":{"line":66,"column":2},"end":{"line":79,"column":20}},"36":{"start":{"line":67,"column":19},"end":{"line":67,"column":29}},"37":{"start":{"line":68,"column":20},"end":{"line":68,"column":46}},"38":{"start":{"line":70,"column":4},"end":{"line":75,"column":5}},"39":{"start":{"line":71,"column":6},"end":{"line":73,"column":9}},"40":{"start":{"line":74,"column":6},"end":{"line":74,"column":13}},"41":{"start":{"line":77,"column":4},"end":{"line":77,"column":28}},"42":{"start":{"line":78,"column":4},"end":{"line":78,"column":45}},"43":{"start":{"line":65,"column":13},"end":{"line":65,"column":29}}},"fnMap":{"0":{"name":"(anonymous_1)","decl":{"start":{"line":4,"column":27},"end":{"line":4,"column":32}},"loc":{"start":{"line":4,"column":65},"end":{"line":13,"column":1}}},"1":{"name":"(anonymous_2)","decl":{"start":{"line":15,"column":30},"end":{"line":15,"column":35}},"loc":{"start":{"line":18,"column":19},"end":{"line":34,"column":1}}},"2":{"name":"(anonymous_3)","decl":{"start":{"line":36,"column":29},"end":{"line":36,"column":34}},"loc":{"start":{"line":36,"column":67},"end":{"line":43,"column":1}}},"3":{"name":"(anonymous_4)","decl":{"start":{"line":45,"column":30},"end":{"line":45,"column":35}},"loc":{"start":{"line":45,"column":68},"end":{"line":63,"column":1}}},"4":{"name":"(anonymous_5)","decl":{"start":{"line":65,"column":29},"end":{"line":65,"column":34}},"loc":{"start":{"line":65,"column":67},"end":{"line":80,"column":1}}}},"branchMap":{"0":{"loc":{"start":{"line":23,"column":4},"end":{"line":28,"column":5}},"type":"if","locations":[{"start":{"line":23,"column":4},"end":{"line":28,"column":5}}]},"1":{"loc":{"start":{"line":50,"column":4},"end":{"line":55,"column":5}},"type":"if","locations":[{"start":{"line":50,"column":4},"end":{"line":55,"column":5}}]},"2":{"loc":{"start":{"line":70,"column":4},"end":{"line":75,"column":5}},"type":"if","locations":[{"start":{"line":70,"column":4},"end":{"line":75,"column":5}}]}},"s":{"0":2,"1":2,"2":1,"3":1,"4":1,"5":0,"6":2,"7":2,"8":1,"9":1,"10":1,"11":1,"12":1,"13":1,"14":0,"15":0,"16":2,"17":2,"18":1,"19":1,"20":1,"21":0,"22":2,"23":2,"24":0,"25":0,"26":0,"27":0,"28":0,"29":0,"30":0,"31":0,"32":0,"33":2,"34":2,"35":2,"36":2,"37":2,"38":2,"39":1,"40":1,"41":1,"42":1,"43":2},"f":{"0":1,"1":1,"2":1,"3":0,"4":2},"b":{"0":[1],"1":[0],"2":[1]}}
,"C:\\Users\\yaco2\\OneDrive\\Escritorio\\Projects\\Udemy\\PERN\\Server\\src\\middleware\\index.ts": {"path":"C:\\Users\\yaco2\\OneDrive\\Escritorio\\Projects\\Udemy\\PERN\\Server\\src\\middleware\\index.ts","statementMap":{"0":{"start":{"line":2,"column":0},"end":{"line":2,"column":53}},"1":{"start":{"line":4,"column":32},"end":{"line":16,"column":1}},"2":{"start":{"line":9,"column":15},"end":{"line":9,"column":36}},"3":{"start":{"line":10,"column":2},"end":{"line":13,"column":3}},"4":{"start":{"line":11,"column":5},"end":{"line":11,"column":54}},"5":{"start":{"line":12,"column":5},"end":{"line":12,"column":12}},"6":{"start":{"line":15,"column":2},"end":{"line":15,"column":9}},"7":{"start":{"line":4,"column":13},"end":{"line":4,"column":32}}},"fnMap":{"0":{"name":"(anonymous_0)","decl":{"start":{"line":4,"column":32},"end":{"line":4,"column":null}},"loc":{"start":{"line":8,"column":10},"end":{"line":16,"column":1}}}},"branchMap":{"0":{"loc":{"start":{"line":10,"column":2},"end":{"line":13,"column":3}},"type":"if","locations":[{"start":{"line":10,"column":2},"end":{"line":13,"column":3}}]}},"s":{"0":2,"1":2,"2":8,"3":8,"4":4,"5":4,"6":4,"7":2},"f":{"0":8},"b":{"0":[4]}}
,"C:\\Users\\yaco2\\OneDrive\\Escritorio\\Projects\\Udemy\\PERN\\Server\\src\\models\\Product.ts": {"path":"C:\\Users\\yaco2\\OneDrive\\Escritorio\\Projects\\Udemy\\PERN\\Server\\src\\models\\Product.ts","statementMap":{"0":{"start":{"line":1,"column":0},"end":{"line":1,"column":79}},"1":{"start":{"line":7,"column":0},"end":{"line":23,"column":null}},"2":{"start":{"line":11,"column":4},"end":{"line":11,"column":null}},"3":{"start":{"line":16,"column":4},"end":{"line":16,"column":null}},"4":{"start":{"line":22,"column":4},"end":{"line":22,"column":null}},"5":{"start":{"line":7,"column":6},"end":{"line":23,"column":null}},"6":{"start":{"line":25,"column":0},"end":{"line":25,"column":null}}},"fnMap":{},"branchMap":{},"s":{"0":2,"1":2,"2":2,"3":2,"4":2,"5":2,"6":2},"f":{},"b":{}}
}
