TN:
SF:src\router.ts
FN:24,(anonymous_0)
FN:36,(anonymous_1)
FNF:2
FNH:2
FNDA:2,(anonymous_0)
FNDA:1,(anonymous_1)
DA:1,2
DA:2,2
DA:3,2
DA:4,2
DA:6,2
DA:9,2
DA:10,2
DA:16,2
DA:24,2
DA:29,2
DA:36,1
DA:42,2
DA:47,2
LF:13
LH:13
BRF:0
BRH:0
end_of_record
TN:
SF:src\server.ts
FN:7,connectDB
FN:27,(anonymous_2)
FNF:2
FNH:2
FNDA:2,connectDB
FNDA:1,(anonymous_2)
DA:1,2
DA:2,2
DA:3,2
DA:4,2
DA:8,2
DA:9,2
DA:10,1
DA:11,1
DA:13,0
DA:14,0
DA:18,2
DA:20,2
DA:23,2
DA:25,2
DA:27,2
DA:28,1
DA:31,2
LF:17
LH:15
BRF:0
BRH:0
end_of_record
TN:
SF:src\config\db.ts
FNF:0
FNH:0
DA:1,2
DA:2,2
DA:4,2
DA:6,2
DA:11,2
LF:5
LH:5
BRF:0
BRH:0
end_of_record
TN:
SF:src\handlers\product.ts
FN:4,(anonymous_1)
FN:15,(anonymous_2)
FN:36,(anonymous_3)
FN:45,(anonymous_4)
FN:65,(anonymous_5)
FNF:5
FNH:4
FNDA:1,(anonymous_1)
FNDA:1,(anonymous_2)
FNDA:1,(anonymous_3)
FNDA:0,(anonymous_4)
FNDA:2,(anonymous_5)
DA:2,2
DA:4,2
DA:5,1
DA:6,1
DA:9,1
DA:11,0
DA:15,2
DA:19,1
DA:20,1
DA:21,1
DA:23,1
DA:24,1
DA:27,1
DA:30,0
DA:32,0
DA:36,2
DA:37,1
DA:38,1
DA:39,1
DA:41,0
DA:45,2
DA:46,0
DA:47,0
DA:48,0
DA:50,0
DA:51,0
DA:54,0
DA:58,0
DA:59,0
DA:61,0
DA:65,2
DA:66,2
DA:67,2
DA:68,2
DA:70,2
DA:71,1
DA:74,1
DA:77,1
DA:78,1
LF:39
LH:26
BRDA:23,0,0,1
BRDA:50,1,0,0
BRDA:70,2,0,1
BRF:3
BRH:2
end_of_record
TN:
SF:src\middleware\index.ts
FN:4,(anonymous_0)
FNF:1
FNH:1
FNDA:8,(anonymous_0)
DA:2,2
DA:4,2
DA:9,8
DA:10,8
DA:11,4
DA:12,4
DA:15,4
LF:7
LH:7
BRDA:10,0,0,4
BRF:1
BRH:1
end_of_record
TN:
SF:src\models\Product.ts
FNF:0
FNH:0
DA:1,2
DA:7,2
DA:11,2
DA:16,2
DA:22,2
DA:25,2
LF:6
LH:6
BRF:0
BRH:0
end_of_record
